  winthread.cxx
c:\users\muhsi\desktop\bloxorz\winthread.cxx(320): warning C4101: 'i': yerel değişken başvurusu kaldırıldı
  winbgi.cxx
c:\users\muhsi\desktop\bloxorz\winbgi.cxx(134): warning C4101: 'actual_color': yerel değişken başvurusu kaldırıldı
c:\users\muhsi\desktop\bloxorz\winbgi.cxx(133): warning C4101: 'bgi_color': yerel değişken başvurusu kaldırıldı
c:\users\muhsi\desktop\bloxorz\winbgi.cxx(494): warning C4996: 'sprintf': This function or variable may be unsafe. Consider using sprintf_s instead. To disable deprecation, use _CRT_SECURE_NO_WARNINGS. See online help for details.
  c:\program files (x86)\windows kits\10\include\10.0.16299.0\ucrt\stdio.h(1772): note: 'sprintf' bildirimine bakın
  text.cxx
c:\users\muhsi\desktop\bloxorz\text.cxx(348): warning C4018: '<': imzalı/imzasız uyuşmazlığı
  main.cxx
c:\users\muhsi\desktop\bloxorz\main.cxx(189): warning C4244: 'bağımsız değişken': 'double' - 'int' dönüşümü; veri kaybı olabilir
c:\users\muhsi\desktop\bloxorz\main.cxx(192): warning C4244: 'bağımsız değişken': 'double' - 'int' dönüşümü; veri kaybı olabilir
c:\users\muhsi\desktop\bloxorz\main.cxx(195): warning C4244: 'bağımsız değişken': 'double' - 'int' dönüşümü; veri kaybı olabilir
c:\users\muhsi\desktop\bloxorz\main.cxx(333): warning C4805: '==' : işlemde güvenli olmayan 'int' türü ve 'bool' türü karışımı
c:\users\muhsi\desktop\bloxorz\main.cxx(367): warning C4244: '=': 'double' - 'int' dönüşümü; veri kaybı olabilir
c:\users\muhsi\desktop\bloxorz\main.cxx(388): warning C4244: '=': 'double' - 'float' dönüşümü; veri kaybı olabilir
c:\users\muhsi\desktop\bloxorz\main.cxx(397): warning C4244: '=': 'float' - 'int' dönüşümü; veri kaybı olabilir
  palette.cxx
  mouse.cxx
  misc.cxx
c:\users\muhsi\desktop\bloxorz\misc.cxx(595): warning C4838: 'int ile 'unsigned short arasında dönüştürme bir daraltma dönüştürmesi gerektiriyor
c:\users\muhsi\desktop\bloxorz\misc.cxx(596): warning C4838: 'int ile 'unsigned short arasında dönüştürme bir daraltma dönüştürmesi gerektiriyor
c:\users\muhsi\desktop\bloxorz\misc.cxx(597): warning C4838: 'int ile 'unsigned short arasında dönüştürme bir daraltma dönüştürmesi gerektiriyor
c:\users\muhsi\desktop\bloxorz\misc.cxx(598): warning C4838: 'int ile 'unsigned short arasında dönüştürme bir daraltma dönüştürmesi gerektiriyor
c:\users\muhsi\desktop\bloxorz\misc.cxx(599): warning C4838: 'int ile 'unsigned short arasında dönüştürme bir daraltma dönüştürmesi gerektiriyor
  file.cxx
  drawing.cxx
c:\users\muhsi\desktop\bloxorz\drawing.cxx(819): warning C4101: 'tries': yerel değişken başvurusu kaldırıldı
c:\users\muhsi\desktop\bloxorz\drawing.cxx(859): warning C4101: 'answer': yerel değişken başvurusu kaldırıldı
c:\users\muhsi\desktop\bloxorz\drawing.cxx(1110): warning C4996: 'strcat': This function or variable may be unsafe. Consider using strcat_s instead. To disable deprecation, use _CRT_SECURE_NO_WARNINGS. See online help for details.
  c:\program files (x86)\windows kits\10\include\10.0.16299.0\ucrt\string.h(93): note: 'strcat' bildirimine bakın
  dibutil.cxx
  bloxorz.cpp
c:\users\muhsi\desktop\bloxorz\graphics.h(281): warning C4273: 'getch': tutarsız dll bağlaması
  c:\program files (x86)\windows kits\10\include\10.0.16299.0\ucrt\conio.h(452): note: önceki 'getch' tanımına bakın
c:\users\muhsi\desktop\bloxorz\graphics.h(282): warning C4273: 'kbhit': tutarsız dll bağlaması
  c:\program files (x86)\windows kits\10\include\10.0.16299.0\ucrt\conio.h(458): note: önceki 'kbhit' tanımına bakın
c:\users\muhsi\desktop\bloxorz\bloxorz.cpp(85): warning C4554: '&': olası hata için işleç önceliğini denetleyin; önceliği netleştirmek için parantez kullanın
c:\users\muhsi\desktop\bloxorz\bloxorz.cpp(197): warning C4804: '<' : işlemde güvenli olmayan 'bool' türü kullanımı
c:\users\muhsi\desktop\bloxorz\bloxorz.cpp(207): warning C4804: '<' : işlemde güvenli olmayan 'bool' türü kullanımı
c:\users\muhsi\desktop\bloxorz\bloxorz.cpp(24): warning C4996: 'getch': The POSIX name for this item is deprecated. Instead, use the ISO C and C++ conformant name: _getch. See online help for details.
  c:\program files (x86)\windows kits\10\include\10.0.16299.0\ucrt\conio.h(452): note: 'getch' bildirimine bakın
c:\users\muhsi\desktop\bloxorz\bloxorz.cpp(130): warning C4996: 'sprintf': This function or variable may be unsafe. Consider using sprintf_s instead. To disable deprecation, use _CRT_SECURE_NO_WARNINGS. See online help for details.
  c:\program files (x86)\windows kits\10\include\10.0.16299.0\ucrt\stdio.h(1772): note: 'sprintf' bildirimine bakın
  bgiout.cxx
  Kod Üretiliyor...
LINK : warning LNK4031: Alt sistem belirtilmedi; KONSOL varsayıldı
  bgi.vcxproj -> C:\Users\muhsi\Desktop\Bloxorz\Debug\bgi.exe
